<?xml version="1.0" encoding="UTF-8"?>
<!-- Generated by org.testng.reporters.JUnitReportReporter -->
<testsuite skipped="0" hostname="DESKTOP-E1E9EHH" name="robotclassdemo.DragandDrop" tests="2" failures="0" timestamp="10 Jul 2019 16:51:22 GMT" time="22.377" errors="0">
  <testcase name="openurl" time="16.905" classname="robotclassdemo.DragandDrop"/>
  <testcase name="draganddrop" time="5.472" classname="robotclassdemo.DragandDrop"/>
</testsuite> <!-- robotclassdemo.DragandDrop -->
