<?xml version="1.0" encoding="UTF-8"?>
<!-- Generated by org.testng.reporters.JUnitReportReporter -->
<testsuite skipped="0" hostname="DESKTOP-E1E9EHH" name="gradledemo.Gradledemoclass" tests="1" failures="0" timestamp="10 Jul 2019 16:51:22 GMT" time="4.719" errors="0">
  <testcase name="openurl" time="4.719" classname="gradledemo.Gradledemoclass"/>
</testsuite> <!-- gradledemo.Gradledemoclass -->
