<?xml version="1.0" encoding="UTF-8"?>
<!-- Generated by org.testng.reporters.JUnitReportReporter -->
<testsuite skipped="0" hostname="DESKTOP-E1E9EHH" name="gradledemo.Practicetest01" tests="3" failures="0" timestamp="28 Apr 2019 17:27:05 GMT" time="37.982" errors="0">
  <testcase name="openurl" time="5.101" classname="gradledemo.Practicetest01"/>
  <testcase name="clickurl" time="5.643" classname="gradledemo.Practicetest01"/>
  <testcase name="clickonelement" time="27.238" classname="gradledemo.Practicetest01"/>
</testsuite> <!-- gradledemo.Practicetest01 -->
