<?xml version="1.0" encoding="UTF-8"?>
<!-- Generated by org.testng.reporters.JUnitReportReporter -->
<testsuite skipped="0" hostname="DESKTOP-E1E9EHH" name="robotclassdemo.MovetoElement" tests="3" failures="0" timestamp="28 Apr 2019 17:27:05 GMT" time="65.907" errors="0">
  <testcase name="openurl" time="13.505" classname="robotclassdemo.MovetoElement"/>
  <testcase name="draganddrop" time="48.949" classname="robotclassdemo.MovetoElement"/>
  <testcase name="movetoelement" time="3.453" classname="robotclassdemo.MovetoElement"/>
</testsuite> <!-- robotclassdemo.MovetoElement -->
