<?xml version="1.0" encoding="UTF-8"?>
<!-- Generated by org.testng.reporters.JUnitReportReporter -->
<testsuite skipped="0" hostname="DESKTOP-E1E9EHH" name="robotclassdemo.DragandDrop" tests="2" failures="0" timestamp="28 Apr 2019 17:27:05 GMT" time="10.829" errors="0">
  <testcase name="openurl" time="4.977" classname="robotclassdemo.DragandDrop"/>
  <testcase name="draganddrop" time="5.852" classname="robotclassdemo.DragandDrop"/>
</testsuite> <!-- robotclassdemo.DragandDrop -->
