<?xml version="1.0" encoding="UTF-8"?>
<!-- Generated by org.testng.reporters.JUnitReportReporter -->
<testsuite skipped="0" hostname="DESKTOP-E1E9EHH" name="gradledemo.DropdownSortdown" tests="2" failures="0" timestamp="10 Jul 2019 16:51:22 GMT" time="8.462" errors="0">
  <testcase name="openurl" time="6.914" classname="gradledemo.DropdownSortdown"/>
  <testcase name="verifydropdown" time="1.548" classname="gradledemo.DropdownSortdown"/>
</testsuite> <!-- gradledemo.DropdownSortdown -->
