<?xml version="1.0" encoding="UTF-8"?>
<!-- Generated by org.testng.reporters.JUnitReportReporter -->
<testsuite skipped="0" hostname="DESKTOP-E1E9EHH" name="gradledemo.Practicetest01" tests="3" failures="0" timestamp="10 Jul 2019 16:51:22 GMT" time="34.500" errors="0">
  <testcase name="openurl" time="5.748" classname="gradledemo.Practicetest01"/>
  <testcase name="clickurl" time="5.499" classname="gradledemo.Practicetest01"/>
  <testcase name="clickonelement" time="23.253" classname="gradledemo.Practicetest01"/>
</testsuite> <!-- gradledemo.Practicetest01 -->
