<?xml version="1.0" encoding="UTF-8"?>
<!-- Generated by org.testng.reporters.JUnitReportReporter -->
<testsuite skipped="0" hostname="DESKTOP-E1E9EHH" name="gradledemo.Gradledemoclass" tests="1" failures="0" timestamp="07 Apr 2019 10:50:05 GMT" time="3.393" errors="0">
  <testcase name="openurl" time="3.393" classname="gradledemo.Gradledemoclass"/>
</testsuite> <!-- gradledemo.Gradledemoclass -->
