<?xml version="1.0" encoding="UTF-8"?>
<!-- Generated by org.testng.reporters.JUnitReportReporter -->
<testsuite skipped="0" hostname="DESKTOP-E1E9EHH" name="gradledemo.DropdownSortdown" tests="2" failures="0" timestamp="28 Apr 2019 17:27:05 GMT" time="15.947" errors="0">
  <testcase name="openurl" time="13.712" classname="gradledemo.DropdownSortdown"/>
  <testcase name="verifydropdown" time="2.235" classname="gradledemo.DropdownSortdown"/>
</testsuite> <!-- gradledemo.DropdownSortdown -->
