<?xml version="1.0" encoding="UTF-8"?>
<testsuite name="gradledemo.Gradledemoclass" tests="1" skipped="0" failures="0" errors="0" timestamp="2019-04-07T10:50:01" hostname="DESKTOP-E1E9EHH" time="3.393">
  <properties/>
  <testcase name="openurl" classname="gradledemo.Gradledemoclass" time="3.393"/>
  <system-out><![CDATA[Screenshots taken
Screenshot captured while opening google page
driver title capture :Google
]]></system-out>
  <system-err><![CDATA[]]></system-err>
</testsuite>
