<?xml version="1.0" encoding="UTF-8"?>
<testsuite name="gradledemo.Gradledemoclass" tests="1" skipped="0" failures="0" errors="0" timestamp="2019-07-10T16:49:26" hostname="DESKTOP-E1E9EHH" time="4.719">
  <properties/>
  <testcase name="openurl" classname="gradledemo.Gradledemoclass" time="4.719"/>
  <system-out><![CDATA[Screenshots taken
Screenshot captured while opening google page
driver title capture :Google
]]></system-out>
  <system-err><![CDATA[]]></system-err>
</testsuite>
