<?xml version="1.0" encoding="UTF-8"?>
<!-- Generated by org.testng.reporters.JUnitReportReporter -->
<testsuite skipped="0" hostname="DESKTOP-E1E9EHH" name="ocrdemo.Readcaptcha" tests="2" failures="0" timestamp="15 Jul 2019 14:18:03 GMT" time="28.663" errors="0">
  <testcase name="openurl" time="12.406" classname="ocrdemo.Readcaptcha"/>
  <testcase name="login_irctc" time="16.257" classname="ocrdemo.Readcaptcha"/>
</testsuite> <!-- ocrdemo.Readcaptcha -->
