<?xml version="1.0" encoding="UTF-8"?>
<!-- Generated by org.testng.reporters.JUnitReportReporter -->
<testsuite skipped="0" hostname="DESKTOP-E1E9EHH" name="robotclassdemo.HashMapExcelReadexample" tests="2" failures="0" timestamp="30 Aug 2019 15:50:29 GMT" time="61.556" errors="0">
  <testcase name="loginUseradmin" time="33.193" classname="robotclassdemo.HashMapExcelReadexample"/>
  <testcase name="loginadmin" time="28.363" classname="robotclassdemo.HashMapExcelReadexample"/>
</testsuite> <!-- robotclassdemo.HashMapExcelReadexample -->
