<?xml version="1.0" encoding="UTF-8"?>
<!-- Generated by org.testng.reporters.JUnitReportReporter -->
<testsuite skipped="0" hostname="DESKTOP-E1E9EHH" name="ocrdemo.Readcaptcha" tests="2" failures="0" timestamp="10 Jul 2019 18:07:50 GMT" time="34.259" errors="0">
  <testcase name="openurl" time="19.424" classname="ocrdemo.Readcaptcha"/>
  <testcase name="login_irctc" time="14.835" classname="ocrdemo.Readcaptcha"/>
</testsuite> <!-- ocrdemo.Readcaptcha -->
