<?xml version="1.0" encoding="UTF-8"?>
<!-- Generated by org.testng.reporters.JUnitReportReporter -->
<testsuite skipped="0" hostname="DESKTOP-E1E9EHH" name="robotclassdemo.DragandDrop" tests="2" failures="0" timestamp="28 Apr 2019 11:20:00 GMT" time="9.418" errors="0">
  <testcase name="openurl" time="3.516" classname="robotclassdemo.DragandDrop"/>
  <testcase name="draganddrop" time="5.902" classname="robotclassdemo.DragandDrop"/>
</testsuite> <!-- robotclassdemo.DragandDrop -->
