<?xml version="1.0" encoding="UTF-8"?>
<!-- Generated by org.testng.reporters.JUnitReportReporter -->
<testsuite skipped="0" hostname="DESKTOP-E1E9EHH" name="gradledemo.DropdownSortdown" tests="2" failures="0" timestamp="08 Apr 2019 14:41:43 GMT" time="4.546" errors="0">
  <testcase name="openurl" time="4.406" classname="gradledemo.DropdownSortdown"/>
  <testcase name="verifydropdown" time="0.140" classname="gradledemo.DropdownSortdown"/>
</testsuite> <!-- gradledemo.DropdownSortdown -->
