<?xml version="1.0" encoding="UTF-8"?>
<!-- Generated by org.testng.reporters.JUnitReportReporter -->
<testsuite skipped="0" hostname="DESKTOP-E1E9EHH" name="gradledemo.Practicetest01" tests="3" failures="0" timestamp="11 Apr 2019 14:01:24 GMT" time="5.483" errors="0">
  <testcase name="openurl" time="1.643" classname="gradledemo.Practicetest01"/>
  <testcase name="clickurl" time="0.673" classname="gradledemo.Practicetest01"/>
  <testcase name="clickonelement" time="3.167" classname="gradledemo.Practicetest01"/>
</testsuite> <!-- gradledemo.Practicetest01 -->
