<?xml version="1.0" encoding="UTF-8"?>
<!-- Generated by org.testng.reporters.JUnitReportReporter -->
<testsuite skipped="0" hostname="DESKTOP-E1E9EHH" name="chatbot.Handlingchatbot" tests="1" failures="0" timestamp="15 Jul 2019 17:11:14 GMT" time="9.941" errors="0">
  <testcase name="openurl" time="9.941" classname="chatbot.Handlingchatbot"/>
</testsuite> <!-- chatbot.Handlingchatbot -->
