<?xml version="1.0" encoding="UTF-8"?>
<!-- Generated by org.testng.reporters.JUnitReportReporter -->
<testsuite skipped="0" hostname="DESKTOP-E1E9EHH" name="robotclassdemo.Rightclick" tests="2" failures="0" timestamp="29 Apr 2019 18:17:20 GMT" time="12.079" errors="0">
  <testcase name="openurl" time="2.220" classname="robotclassdemo.Rightclick"/>
  <testcase name="rightclick" time="9.859" classname="robotclassdemo.Rightclick"/>
</testsuite> <!-- robotclassdemo.Rightclick -->
