<?xml version="1.0" encoding="UTF-8"?>
<!-- Generated by org.testng.reporters.JUnitReportReporter -->
<testsuite skipped="0" hostname="DESKTOP-E1E9EHH" name="robotclassdemo.HashMapExcelReadexample" tests="2" failures="0" timestamp="12 Aug 2019 19:48:01 GMT" time="66.816" errors="0">
  <testcase name="loginUseradmin" time="34.942" classname="robotclassdemo.HashMapExcelReadexample"/>
  <testcase name="loginadmin" time="31.874" classname="robotclassdemo.HashMapExcelReadexample"/>
</testsuite> <!-- robotclassdemo.HashMapExcelReadexample -->
