<?xml version="1.0" encoding="UTF-8"?>
<!-- Generated by org.testng.reporters.JUnitReportReporter -->
<testsuite skipped="0" hostname="DESKTOP-E1E9EHH" name="javaconcepts.HashMappractice" tests="2" failures="0" timestamp="10 Aug 2019 17:18:14 GMT" time="48.599" errors="0">
  <testcase name="openurlandlogin" time="24.185" classname="javaconcepts.HashMappractice"/>
  <testcase name="loginadmin" time="24.414" classname="javaconcepts.HashMappractice"/>
</testsuite> <!-- javaconcepts.HashMappractice -->
