<?xml version="1.0" encoding="UTF-8"?>
<!-- Generated by org.testng.reporters.JUnitReportReporter -->
<testsuite skipped="0" hostname="DESKTOP-E1E9EHH" name="javaconcepts.CalendarAutomation" tests="1" failures="0" timestamp="10 Aug 2019 17:16:51 GMT" time="27.970" errors="0">
  <testcase name="openurlandlogin" time="27.970" classname="javaconcepts.CalendarAutomation"/>
</testsuite> <!-- javaconcepts.CalendarAutomation -->
